<?xml version="1.0" encoding="UTF-8"?>
<testng-results skipped="0" failed="0" ignored="0" total="1" passed="1">
  <reporter-output>
  </reporter-output>
  <suite name="All Test Suite" duration-ms="82741" started-at="2020-12-07T06:35:28Z" finished-at="2020-12-07T06:36:50Z">
    <groups>
    </groups>
    <test name="C:/Users/vishnu/IdeaProjects/SwagLabs_Advanced" duration-ms="6" started-at="2020-12-07T06:35:28Z" finished-at="2020-12-07T06:35:28Z">
    </test> <!-- C:/Users/vishnu/IdeaProjects/SwagLabs_Advanced -->
    <test name="ChromeTest" duration-ms="82690" started-at="2020-12-07T06:35:28Z" finished-at="2020-12-07T06:36:50Z">
      <class name="testSetup.TestClass">
        <test-method status="PASS" signature="initialization()[pri:0, instance:testSetup.TestClass@3ac3fd8b]" name="initialization" is-config="true" duration-ms="13801" started-at="2020-12-07T12:05:28Z" finished-at="2020-12-07T12:05:41Z">
          <reporter-output>
          </reporter-output>
        </test-method> <!-- initialization -->
        <test-method status="PASS" signature="testSwagLabs()[pri:0, instance:testSetup.TestClass@3ac3fd8b]" name="testSwagLabs" duration-ms="68733" started-at="2020-12-07T12:05:41Z" finished-at="2020-12-07T12:06:50Z">
          <reporter-output>
          </reporter-output>
        </test-method> <!-- testSwagLabs -->
        <test-method status="PASS" signature="teardown()[pri:0, instance:testSetup.TestClass@3ac3fd8b]" name="teardown" is-config="true" duration-ms="131" started-at="2020-12-07T12:06:50Z" finished-at="2020-12-07T12:06:50Z">
          <reporter-output>
          </reporter-output>
        </test-method> <!-- teardown -->
      </class> <!-- testSetup.TestClass -->
    </test> <!-- ChromeTest -->
  </suite> <!-- All Test Suite -->
</testng-results>
